*** Starting uWSGI 2.0.20 (64bit) on [Wed Jan  5 13:21:17 2022] ***
compiled with version: 4.8.5 20150623 (Red Hat 4.8.5-44) on 05 January 2022 05:21:05
os: Linux-3.10.0-862.el7.x86_64 #1 SMP Fri Apr 20 16:44:24 UTC 2018
nodename: localhost.localdomain
machine: x86_64
clock source: unix
pcre jit disabled
detected number of CPU cores: 4
current working directory: /
detected binary path: /www/wwwroot/rc_reward/runergy_venv/bin/uwsgi
uWSGI running as root, you can use --uid/--gid/--chroot options
*** WARNING: you are running uWSGI as root !!! (use the --uid flag) *** 
chdir() to /www/wwwroot/rc_reward
your processes number limit is 14958
your memory page size is 4096 bytes
detected max file descriptor number: 1024
lock engine: pthread robust mutexes
thunder lock: disabled (you can enable it with --thunder-lock)
uWSGI http bound on 0.0.0.0:36001 fd 4
uwsgi socket 0 bound to TCP address 127.0.0.1:41280 (port auto-assigned) fd 3
uWSGI running as root, you can use --uid/--gid/--chroot options
*** WARNING: you are running uWSGI as root !!! (use the --uid flag) *** 
Python version: 3.7.9 (default, Jan  9 2021, 11:03:30)  [GCC 4.8.5 20150623 (Red Hat 4.8.5-44)]
Python main interpreter initialized at 0x1bc5990
uWSGI running as root, you can use --uid/--gid/--chroot options
*** WARNING: you are running uWSGI as root !!! (use the --uid flag) *** 
python threads support enabled
your server socket listen backlog is limited to 100 connections
your mercy for graceful operations on workers is 60 seconds
mapped 166752 bytes (162 KB) for 2 cores
*** Operational MODE: threaded ***
ModuleNotFoundError: No module named 'wsgi'
unable to load app 0 (mountpoint='') (callable not found or import error)
WSGI app 0 (mountpoint='') ready in 2 seconds on interpreter 0x1bc5990 pid: 65908 (default app)
uWSGI running as root, you can use --uid/--gid/--chroot options
*** WARNING: you are running uWSGI as root !!! (use the --uid flag) *** 
*** uWSGI is running in multiple interpreter mode ***
spawned uWSGI master process (pid: 65908)
spawned uWSGI worker 1 (pid: 66018, cores: 2)
spawned uWSGI http 1 (pid: 66019)
Wed Jan  5 13:30:53 2022 - uWSGI worker 1 screams: UAAAAAAH my master disconnected: i will kill myself !!!
Wed Jan  5 13:30:53 2022 - uWSGI worker 1 screams: UAAAAAAH my master disconnected: i will kill myself !!!
*** Starting uWSGI 2.0.20 (64bit) on [Wed Jan  5 13:37:08 2022] ***
compiled with version: 4.8.5 20150623 (Red Hat 4.8.5-44) on 05 January 2022 05:21:05
os: Linux-3.10.0-862.el7.x86_64 #1 SMP Fri Apr 20 16:44:24 UTC 2018
nodename: localhost.localdomain
machine: x86_64
clock source: unix
pcre jit disabled
detected number of CPU cores: 4
current working directory: /
detected binary path: /www/wwwroot/rc_reward/runergy_venv/bin/uwsgi
uWSGI running as root, you can use --uid/--gid/--chroot options
*** WARNING: you are running uWSGI as root !!! (use the --uid flag) *** 
chdir() to /www/wwwroot/rc_reward
your processes number limit is 14958
your memory page size is 4096 bytes
detected max file descriptor number: 1024
!!! no /etc/mime.types file found !!!
lock engine: pthread robust mutexes
thunder lock: disabled (you can enable it with --thunder-lock)
uWSGI http bound on 0.0.0.0:36001 fd 4
uwsgi socket 0 bound to TCP address 127.0.0.1:43480 (port auto-assigned) fd 3
uWSGI running as root, you can use --uid/--gid/--chroot options
*** WARNING: you are running uWSGI as root !!! (use the --uid flag) *** 
Python version: 3.7.9 (default, Jan  9 2021, 11:03:30)  [GCC 4.8.5 20150623 (Red Hat 4.8.5-44)]
Python main interpreter initialized at 0x1885ad0
uWSGI running as root, you can use --uid/--gid/--chroot options
*** WARNING: you are running uWSGI as root !!! (use the --uid flag) *** 
python threads support enabled
your server socket listen backlog is limited to 100 connections
your mercy for graceful operations on workers is 60 seconds
mapped 166752 bytes (162 KB) for 2 cores
*** Operational MODE: threaded ***
ModuleNotFoundError: No module named 'wsgi'
unable to load app 0 (mountpoint='') (callable not found or import error)
*** Starting uWSGI 2.0.20 (64bit) on [Wed Jan  5 13:37:08 2022] ***
compiled with version: 4.8.5 20150623 (Red Hat 4.8.5-44) on 05 January 2022 05:21:05
os: Linux-3.10.0-862.el7.x86_64 #1 SMP Fri Apr 20 16:44:24 UTC 2018
nodename: localhost.localdomain
machine: x86_64
clock source: unix
pcre jit disabled
detected number of CPU cores: 4
current working directory: /
detected binary path: /www/wwwroot/rc_reward/runergy_venv/bin/uwsgi
uWSGI running as root, you can use --uid/--gid/--chroot options
*** WARNING: you are running uWSGI as root !!! (use the --uid flag) *** 
chdir() to /www/wwwroot/rc_reward
your processes number limit is 14958
your memory page size is 4096 bytes
detected max file descriptor number: 1024
!!! no /etc/mime.types file found !!!
lock engine: pthread robust mutexes
thunder lock: disabled (you can enable it with --thunder-lock)
uWSGI http bound on 0.0.0.0:36001 fd 4
uwsgi socket 0 bound to TCP address 127.0.0.1:37726 (port auto-assigned) fd 3
uWSGI running as root, you can use --uid/--gid/--chroot options
*** WARNING: you are running uWSGI as root !!! (use the --uid flag) *** 
Python version: 3.7.9 (default, Jan  9 2021, 11:03:30)  [GCC 4.8.5 20150623 (Red Hat 4.8.5-44)]
Python main interpreter initialized at 0x19cead0
uWSGI running as root, you can use --uid/--gid/--chroot options
*** WARNING: you are running uWSGI as root !!! (use the --uid flag) *** 
python threads support enabled
your server socket listen backlog is limited to 100 connections
your mercy for graceful operations on workers is 60 seconds
mapped 166752 bytes (162 KB) for 2 cores
*** Operational MODE: threaded ***
ModuleNotFoundError: No module named 'wsgi'
unable to load app 0 (mountpoint='') (callable not found or import error)
WSGI app 0 (mountpoint='') ready in 0 seconds on interpreter 0x19cead0 pid: 95745 (default app)
uWSGI running as root, you can use --uid/--gid/--chroot options
*** WARNING: you are running uWSGI as root !!! (use the --uid flag) *** 
*** uWSGI is running in multiple interpreter mode ***
spawned uWSGI master process (pid: 95745)
spawned uWSGI worker 1 (pid: 95757, cores: 2)
spawned uWSGI http 1 (pid: 95758)
Wed Jan  5 13:37:57 2022 - uWSGI worker 1 screams: UAAAAAAH my master disconnected: i will kill myself !!!
Wed Jan  5 13:37:57 2022 - uWSGI worker 1 screams: UAAAAAAH my master disconnected: i will kill myself !!!
*** Starting uWSGI 2.0.20 (64bit) on [Wed Jan  5 13:39:17 2022] ***
compiled with version: 4.8.5 20150623 (Red Hat 4.8.5-44) on 05 January 2022 05:21:05
os: Linux-3.10.0-862.el7.x86_64 #1 SMP Fri Apr 20 16:44:24 UTC 2018
nodename: localhost.localdomain
machine: x86_64
clock source: unix
pcre jit disabled
detected number of CPU cores: 4
current working directory: /
detected binary path: /www/wwwroot/rc_reward/runergy_venv/bin/uwsgi
uWSGI running as root, you can use --uid/--gid/--chroot options
*** WARNING: you are running uWSGI as root !!! (use the --uid flag) *** 
chdir() to /www/wwwroot/rc_reward
your processes number limit is 14958
your memory page size is 4096 bytes
detected max file descriptor number: 1024
!!! no /etc/mime.types file found !!!
lock engine: pthread robust mutexes
thunder lock: disabled (you can enable it with --thunder-lock)
uWSGI http bound on 0.0.0.0:36001 fd 4
uwsgi socket 0 bound to TCP address 127.0.0.1:35067 (port auto-assigned) fd 3
uWSGI running as root, you can use --uid/--gid/--chroot options
*** WARNING: you are running uWSGI as root !!! (use the --uid flag) *** 
Python version: 3.7.9 (default, Jan  9 2021, 11:03:30)  [GCC 4.8.5 20150623 (Red Hat 4.8.5-44)]
Python main interpreter initialized at 0x10a5ad0
uWSGI running as root, you can use --uid/--gid/--chroot options
*** WARNING: you are running uWSGI as root !!! (use the --uid flag) *** 
python threads support enabled
your server socket listen backlog is limited to 100 connections
your mercy for graceful operations on workers is 60 seconds
mapped 166752 bytes (162 KB) for 2 cores
*** Operational MODE: threaded ***
ModuleNotFoundError: No module named 'wsgi'
unable to load app 0 (mountpoint='') (callable not found or import error)
*** Starting uWSGI 2.0.20 (64bit) on [Wed Jan  5 13:39:17 2022] ***
compiled with version: 4.8.5 20150623 (Red Hat 4.8.5-44) on 05 January 2022 05:21:05
os: Linux-3.10.0-862.el7.x86_64 #1 SMP Fri Apr 20 16:44:24 UTC 2018
nodename: localhost.localdomain
machine: x86_64
clock source: unix
pcre jit disabled
detected number of CPU cores: 4
current working directory: /
detected binary path: /www/wwwroot/rc_reward/runergy_venv/bin/uwsgi
uWSGI running as root, you can use --uid/--gid/--chroot options
*** WARNING: you are running uWSGI as root !!! (use the --uid flag) *** 
chdir() to /www/wwwroot/rc_reward
your processes number limit is 14958
your memory page size is 4096 bytes
detected max file descriptor number: 1024
!!! no /etc/mime.types file found !!!
lock engine: pthread robust mutexes
thunder lock: disabled (you can enable it with --thunder-lock)
uWSGI http bound on 0.0.0.0:36001 fd 4
uwsgi socket 0 bound to TCP address 127.0.0.1:35999 (port auto-assigned) fd 3
uWSGI running as root, you can use --uid/--gid/--chroot options
*** WARNING: you are running uWSGI as root !!! (use the --uid flag) *** 
Python version: 3.7.9 (default, Jan  9 2021, 11:03:30)  [GCC 4.8.5 20150623 (Red Hat 4.8.5-44)]
Python main interpreter initialized at 0x168ead0
uWSGI running as root, you can use --uid/--gid/--chroot options
*** WARNING: you are running uWSGI as root !!! (use the --uid flag) *** 
python threads support enabled
your server socket listen backlog is limited to 100 connections
your mercy for graceful operations on workers is 60 seconds
mapped 166752 bytes (162 KB) for 2 cores
*** Operational MODE: threaded ***
ModuleNotFoundError: No module named 'wsgi'
unable to load app 0 (mountpoint='') (callable not found or import error)
WSGI app 0 (mountpoint='') ready in 1 seconds on interpreter 0x168ead0 pid: 99953 (default app)
uWSGI running as root, you can use --uid/--gid/--chroot options
*** WARNING: you are running uWSGI as root !!! (use the --uid flag) *** 
*** uWSGI is running in multiple interpreter mode ***
spawned uWSGI master process (pid: 99953)
spawned uWSGI worker 1 (pid: 99996, cores: 2)
spawned uWSGI http 1 (pid: 99997)
Wed Jan  5 13:48:13 2022 - uWSGI worker 1 screams: UAAAAAAH my master disconnected: i will kill myself !!!
Wed Jan  5 13:48:13 2022 - uWSGI worker 1 screams: UAAAAAAH my master disconnected: i will kill myself !!!
*** Starting uWSGI 2.0.20 (64bit) on [Wed Jan  5 14:07:09 2022] ***
compiled with version: 4.8.5 20150623 (Red Hat 4.8.5-44) on 05 January 2022 05:21:05
os: Linux-3.10.0-862.el7.x86_64 #1 SMP Fri Apr 20 16:44:24 UTC 2018
nodename: localhost.localdomain
machine: x86_64
clock source: unix
pcre jit disabled
detected number of CPU cores: 4
current working directory: /
detected binary path: /www/wwwroot/rc_reward/runergy_venv/bin/uwsgi
uWSGI running as root, you can use --uid/--gid/--chroot options
*** WARNING: you are running uWSGI as root !!! (use the --uid flag) *** 
chdir() to /www/wwwroot/rc_reward
your processes number limit is 14958
your memory page size is 4096 bytes
detected max file descriptor number: 1024
!!! no /etc/mime.types file found !!!
lock engine: pthread robust mutexes
thunder lock: disabled (you can enable it with --thunder-lock)
uWSGI http bound on 0.0.0.0:36001 fd 4
uwsgi socket 0 bound to TCP address 127.0.0.1:44093 (port auto-assigned) fd 3
uWSGI running as root, you can use --uid/--gid/--chroot options
*** WARNING: you are running uWSGI as root !!! (use the --uid flag) *** 
Python version: 3.7.9 (default, Jan  9 2021, 11:03:30)  [GCC 4.8.5 20150623 (Red Hat 4.8.5-44)]
Python main interpreter initialized at 0x1cb8ab0
uWSGI running as root, you can use --uid/--gid/--chroot options
*** WARNING: you are running uWSGI as root !!! (use the --uid flag) *** 
python threads support enabled
your server socket listen backlog is limited to 100 connections
your mercy for graceful operations on workers is 60 seconds
mapped 166752 bytes (162 KB) for 2 cores
*** Operational MODE: threaded ***
ModuleNotFoundError: No module named 'wsgi'
unable to load app 0 (mountpoint='') (callable not found or import error)
  File "/www/wwwroot/rc_reward/uwsgi.ini", line 5
    chdir = /www/wwwroot/rc_reward
            ^
SyntaxError: invalid syntax
failed to compile /www/wwwroot/rc_reward/uwsgi.ini
unable to load app 0 (mountpoint='') (callable not found or import error)
*** no app loaded. going in full dynamic mode ***
uWSGI running as root, you can use --uid/--gid/--chroot options
*** WARNING: you are running uWSGI as root !!! (use the --uid flag) *** 
*** uWSGI is running in multiple interpreter mode ***
spawned uWSGI master process (pid: 22772)
spawned uWSGI worker 1 (pid: 22774, cores: 2)
spawned uWSGI http 1 (pid: 22775)
*** Starting uWSGI 2.0.20 (64bit) on [Wed Jan  5 14:07:09 2022] ***
compiled with version: 4.8.5 20150623 (Red Hat 4.8.5-44) on 05 January 2022 05:21:05
os: Linux-3.10.0-862.el7.x86_64 #1 SMP Fri Apr 20 16:44:24 UTC 2018
nodename: localhost.localdomain
machine: x86_64
clock source: unix
pcre jit disabled
detected number of CPU cores: 4
current working directory: /
detected binary path: /www/wwwroot/rc_reward/runergy_venv/bin/uwsgi
uWSGI running as root, you can use --uid/--gid/--chroot options
*** WARNING: you are running uWSGI as root !!! (use the --uid flag) *** 
chdir() to /www/wwwroot/rc_reward
your processes number limit is 14958
your memory page size is 4096 bytes
detected max file descriptor number: 1024
!!! no /etc/mime.types file found !!!
lock engine: pthread robust mutexes
thunder lock: disabled (you can enable it with --thunder-lock)
uWSGI http bound on 0.0.0.0:36001 fd 4
uwsgi socket 0 bound to TCP address 127.0.0.1:35813 (port auto-assigned) fd 3
uWSGI running as root, you can use --uid/--gid/--chroot options
*** WARNING: you are running uWSGI as root !!! (use the --uid flag) *** 
Python version: 3.7.9 (default, Jan  9 2021, 11:03:30)  [GCC 4.8.5 20150623 (Red Hat 4.8.5-44)]
Python main interpreter initialized at 0xa71ab0
uWSGI running as root, you can use --uid/--gid/--chroot options
*** WARNING: you are running uWSGI as root !!! (use the --uid flag) *** 
python threads support enabled
your server socket listen backlog is limited to 100 connections
your mercy for graceful operations on workers is 60 seconds
mapped 166752 bytes (162 KB) for 2 cores
*** Operational MODE: threaded ***
ModuleNotFoundError: No module named 'wsgi'
unable to load app 0 (mountpoint='') (callable not found or import error)
  File "/www/wwwroot/rc_reward/uwsgi.ini", line 5
    chdir = /www/wwwroot/rc_reward
            ^
SyntaxError: invalid syntax
failed to compile /www/wwwroot/rc_reward/uwsgi.ini
unable to load app 0 (mountpoint='') (callable not found or import error)
*** no app loaded. going in full dynamic mode ***
uWSGI running as root, you can use --uid/--gid/--chroot options
*** WARNING: you are running uWSGI as root !!! (use the --uid flag) *** 
*** uWSGI is running in multiple interpreter mode ***
spawned uWSGI master process (pid: 22780)
spawned uWSGI worker 1 (pid: 22781, cores: 2)
spawned uWSGI http 1 (pid: 22782)
Wed Jan  5 14:07:45 2022 - uWSGI worker 1 screams: UAAAAAAH my master disconnected: i will kill myself !!!
Wed Jan  5 14:07:45 2022 - uWSGI worker 1 screams: UAAAAAAH my master disconnected: i will kill myself !!!
*** Starting uWSGI 2.0.20 (64bit) on [Wed Jan  5 14:08:58 2022] ***
compiled with version: 4.8.5 20150623 (Red Hat 4.8.5-44) on 05 January 2022 05:21:05
os: Linux-3.10.0-862.el7.x86_64 #1 SMP Fri Apr 20 16:44:24 UTC 2018
nodename: localhost.localdomain
machine: x86_64
clock source: unix
pcre jit disabled
detected number of CPU cores: 4
current working directory: /
detected binary path: /www/wwwroot/rc_reward/runergy_venv/bin/uwsgi
uWSGI running as root, you can use --uid/--gid/--chroot options
*** WARNING: you are running uWSGI as root !!! (use the --uid flag) *** 
chdir() to /www/wwwroot/rc_reward
your processes number limit is 14958
your memory page size is 4096 bytes
detected max file descriptor number: 1024
!!! no /etc/mime.types file found !!!
lock engine: pthread robust mutexes
thunder lock: disabled (you can enable it with --thunder-lock)
uWSGI http bound on 0.0.0.0:36001 fd 4
uwsgi socket 0 bound to TCP address 127.0.0.1:43072 (port auto-assigned) fd 3
uWSGI running as root, you can use --uid/--gid/--chroot options
*** WARNING: you are running uWSGI as root !!! (use the --uid flag) *** 
Python version: 3.7.9 (default, Jan  9 2021, 11:03:30)  [GCC 4.8.5 20150623 (Red Hat 4.8.5-44)]
Python main interpreter initialized at 0x152dad0
uWSGI running as root, you can use --uid/--gid/--chroot options
*** WARNING: you are running uWSGI as root !!! (use the --uid flag) *** 
python threads support enabled
your server socket listen backlog is limited to 100 connections
your mercy for graceful operations on workers is 60 seconds
mapped 166752 bytes (162 KB) for 2 cores
*** Operational MODE: threaded ***
ModuleNotFoundError: No module named 'wsgi'
unable to load app 0 (mountpoint='') (callable not found or import error)
*** Starting uWSGI 2.0.20 (64bit) on [Wed Jan  5 14:08:59 2022] ***
compiled with version: 4.8.5 20150623 (Red Hat 4.8.5-44) on 05 January 2022 05:21:05
os: Linux-3.10.0-862.el7.x86_64 #1 SMP Fri Apr 20 16:44:24 UTC 2018
nodename: localhost.localdomain
machine: x86_64
clock source: unix
pcre jit disabled
detected number of CPU cores: 4
current working directory: /
detected binary path: /www/wwwroot/rc_reward/runergy_venv/bin/uwsgi
uWSGI running as root, you can use --uid/--gid/--chroot options
*** WARNING: you are running uWSGI as root !!! (use the --uid flag) *** 
chdir() to /www/wwwroot/rc_reward
your processes number limit is 14958
your memory page size is 4096 bytes
detected max file descriptor number: 1024
!!! no /etc/mime.types file found !!!
lock engine: pthread robust mutexes
thunder lock: disabled (you can enable it with --thunder-lock)
uWSGI http bound on 0.0.0.0:36001 fd 4
uwsgi socket 0 bound to TCP address 127.0.0.1:44320 (port auto-assigned) fd 3
uWSGI running as root, you can use --uid/--gid/--chroot options
*** WARNING: you are running uWSGI as root !!! (use the --uid flag) *** 
Python version: 3.7.9 (default, Jan  9 2021, 11:03:30)  [GCC 4.8.5 20150623 (Red Hat 4.8.5-44)]
Python main interpreter initialized at 0xdc9ad0
uWSGI running as root, you can use --uid/--gid/--chroot options
*** WARNING: you are running uWSGI as root !!! (use the --uid flag) *** 
python threads support enabled
your server socket listen backlog is limited to 100 connections
your mercy for graceful operations on workers is 60 seconds
mapped 166752 bytes (162 KB) for 2 cores
*** Operational MODE: threaded ***
ModuleNotFoundError: No module named 'wsgi'
unable to load app 0 (mountpoint='') (callable not found or import error)
WSGI app 0 (mountpoint='') ready in 0 seconds on interpreter 0xdc9ad0 pid: 26431 (default app)
uWSGI running as root, you can use --uid/--gid/--chroot options
*** WARNING: you are running uWSGI as root !!! (use the --uid flag) *** 
*** uWSGI is running in multiple interpreter mode ***
spawned uWSGI master process (pid: 26431)
spawned uWSGI worker 1 (pid: 26442, cores: 2)
spawned uWSGI http 1 (pid: 26444)
